build/app/outputs/mapping/release/seeds.txt
com.google.android.recaptcha.internal.zzbn: java.lang.Object invokeSuspend(java.lang.Object)
com.google.android.recaptcha.internal.zzp: int zza()
com.google.android.gms.internal.fido.zzbi: java.lang.Object ceiling(java.lang.Object)
com.google.android.gms.internal.firebase-auth-api.zzh: boolean zza(char)
com.google.android.recaptcha.internal.zzpb: void zzi(com.google.android.recaptcha.internal.zzpb,java.lang.String)
com.google.android.gms.internal.firebase-auth-api.zzud$zza: com.google.android.gms.internal.firebase-auth-api.zzud$zza zza(com.google.android.gms.internal.firebase-auth-api.zztu)
com.google.android.gms.internal.fido.zzcg: boolean equals(java.lang.Object)
com.google.android.gms.internal.auth.zzav: zzav(java.lang.String,int)
com.google.android.recaptcha.internal.zzik: zzik(com.google.android.recaptcha.internal.zzkd)
com.google.android.gms.tasks.zzt: zzt()
com.google.android.gms.internal.firebase-auth-api.zzpb: int zza()
com.google.android.gms.internal.fido.zzbu: boolean equals(java.lang.Object)
com.google.android.recaptcha.internal.zzjx: double zze(int)
com.google.android.gms.internal.firebase-auth-api.zzsk$zza: zzsk$zza(com.google.android.gms.internal.firebase-auth-api.zzso)
com.google.android.recaptcha.internal.zzdt: boolean zzd(java.lang.String)
com.google.android.recaptcha.internal.zzqd: void zzk(com.google.android.recaptcha.internal.zzqd,java.lang.String)
com.google.android.recaptcha.internal.zzpy: com.google.android.recaptcha.internal.zzpx zzf()
com.google.android.recaptcha.internal.zzcx: java.lang.Object zzg(com.google.android.recaptcha.RecaptchaAction,long,kotlin.coroutines.Continuation)
com.google.android.recaptcha.internal.zzdb: boolean equals(java.lang.Object)
com.google.android.gms.internal.firebase-auth-api.zzaht: boolean zzl()
com.google.android.gms.internal.firebase-auth-api.zzwd: java.lang.Object zza(int,java.lang.Object,java.lang.Object)
com.google.android.gms.dynamite.DynamiteModule$DynamiteLoaderClassLoader: DynamiteModule$DynamiteLoaderClassLoader()
com.google.android.gms.internal.firebase-auth-api.zzxb$zza: com.google.android.gms.internal.firebase-auth-api.zzxb$zza zza(com.google.android.gms.internal.firebase-auth-api.zzxe)
com.google.android.gms.internal.firebase-auth-api.zzahw: java.lang.String zza()
com.google.android.gms.internal.firebase-auth-api.zzne: zzne(com.google.android.gms.internal.firebase-auth-api.zzpf)
com.google.android.gms.internal.auth.zzfs: com.google.android.gms.internal.auth.zzfr zza()
com.google.android.gms.internal.firebase-auth-api.zzsb: com.google.android.gms.internal.firebase-auth-api.zzsh zzc()
com.google.android.gms.internal.firebase-auth-api.zzup: zzup(java.lang.String,int,int)
com.google.android.recaptcha.internal.zzdk: com.google.android.recaptcha.internal.zzda zzb(com.google.android.recaptcha.internal.zzdk)
com.google.android.gms.internal.fido.zzcz: int zzk()
com.google.android.gms.internal.firebase-auth-api.zzjw: com.google.android.gms.internal.firebase-auth-api.zzbp zzb()
com.google.android.recaptcha.internal.zzop: int zzW()
com.google.android.gms.internal.firebase-auth-api.zzahh: zzahh()
com.google.android.gms.internal.firebase-auth-api.zzamp$zza: void zza(java.lang.Object,long,byte)
com.google.android.recaptcha.internal.zznj: void zzc(byte,byte,char[],int)
com.google.android.gms.internal.firebase-auth-api.zzaip: com.google.android.gms.internal.firebase-auth-api.zzaip zzb(byte[])
com.google.android.gms.internal.firebase-auth-api.zzpl: com.google.android.gms.internal.firebase-auth-api.zzpl zza(com.google.android.gms.internal.firebase-auth-api.zzmw)
com.google.android.recaptcha.internal.zzjh: void zzr(int,int)
com.google.android.gms.internal.auth-api.zbw: android.os.Bundle getGetServiceRequestExtraArgs()
com.google.android.gms.internal.firebase-auth-api.zzajp: java.lang.Object zza(com.google.android.gms.internal.firebase-auth-api.zzajk,com.google.android.gms.internal.firebase-auth-api.zzalc,int)