build/app/outputs/mapping/release/usage.txt
com.google.firestore.admin.v1.Index$State$StateVerifier
com.google.firestore.admin.v1.Index$State
com.google.firestore.admin.v1.Index:
    static synthetic void access$1300(com.google.firestore.admin.v1.Index,java.lang.String)
    static synthetic void access$1400(com.google.firestore.admin.v1.Index)
    static synthetic void access$1500(com.google.firestore.admin.v1.Index,com.google.protobuf.ByteString)
    static synthetic void access$1600(com.google.firestore.admin.v1.Index,int)
    static synthetic void access$1800(com.google.firestore.admin.v1.Index)
    static synthetic void access$1900(com.google.firestore.admin.v1.Index,int,com.google.firestore.admin.v1.Index$IndexField)
    static synthetic void access$2100(com.google.firestore.admin.v1.Index,int,com.google.firestore.admin.v1.Index$IndexField)
    static synthetic void access$2200(com.google.firestore.admin.v1.Index,java.lang.Iterable)
    static synthetic void access$2300(com.google.firestore.admin.v1.Index)
    static synthetic void access$2400(com.google.firestore.admin.v1.Index,int)
    static synthetic void access$2500(com.google.firestore.admin.v1.Index,int)
    static synthetic void access$2600(com.google.firestore.admin.v1.Index,com.google.firestore.admin.v1.Index$State)
    static synthetic void access$2700(com.google.firestore.admin.v1.Index)
    private void addAllFields(java.lang.Iterable)
    private void addFields(int,com.google.firestore.admin.v1.Index$IndexField)
    private void clearFields()
    private void clearName()
    private void clearQueryScope()
    private void clearState()
com.google.firestore.admin.v1.IndexOrBuilder
com.google.firestore.admin.v1.IndexProto
com.google.firestore.bundle.BundleElement$1
com.google.firestore.bundle.BundleElement$Builder
com.google.firestore.bundle.BundleElement$ElementTypeCase
com.google.firestore.bundle.BundleElement
com.google.firestore.bundle.BundleElementOrBuilder
com.google.firestore.bundle.BundleMetadata$1
com.google.firestore.bundle.BundleMetadata$Builder
com.google.firestore.bundle.BundleMetadata
com.google.firestore.bundle.BundleMetadataOrBuilder
com.google.firestore.bundle.BundleProto
com.google.firestore.bundle.BundledDocumentMetadata$1
com.google.firestore.bundle.BundledDocumentMetadata$Builder
com.google.firestore.bundle.BundledDocumentMetadata
com.google.firestore.bundle.BundledDocumentMetadataOrBuilder
com.google.firestore.bundle.BundledQuery$Builder:
    public com.google.firestore.bundle.BundledQuery$Builder clearLimitType()
    public com.google.firestore.bundle.BundledQuery$Builder clearParent()
    public com.google.firestore.bundle.BundledQuery$Builder clearQueryType()
    public com.google.firestore.bundle.BundledQuery$Builder clearStructuredQuery()
    public com.google.firestore.bundle.BundledQuery$LimitType getLimitType()
    public int getLimitTypeValue()
    public java.lang.String getParent()
    public com.google.protobuf.ByteString getParentBytes()
    public com.google.firestore.bundle.BundledQuery$QueryTypeCase getQueryTypeCase()
    public com.google.firestore.v1.StructuredQuery getStructuredQuery()
    public boolean hasStructuredQuery()
    public com.google.firestore.bundle.BundledQuery$Builder mergeStructuredQuery(com.google.firestore.v1.StructuredQuery)
    public com.google.firestore.bundle.BundledQuery$Builder setLimitTypeValue(int)
    public com.google.firestore.bundle.BundledQuery$Builder setParentBytes(com.google.protobuf.ByteString)
    public com.google.firestore.bundle.BundledQuery$Builder setStructuredQuery(com.google.firestore.v1.StructuredQuery$Builder)
com.google.firestore.bundle.BundledQuery$LimitType$LimitTypeVerifier